<?xml version="1.0" encoding="UTF-8"?>
<testsuite xmlns:xsi="http://www.w3.org/2001/XMLSchema-instance" xsi:noNamespaceSchemaLocation="https://maven.apache.org/surefire/maven-surefire-plugin/xsd/surefire-test-report.xsd" version="3.0.2" name="com.zenmarket.service.CalcolatoreServiceTest" time="0.075" tests="21" errors="0" skipped="0" failures="0">
  <properties>
[...]
</properties>
  <testcase name="testEsempioExcel" classname="com.zenmarket.service.CalcolatoreServiceTest" time="0.026"/>
  <testcase name="testTotaliSessione" classname="com.zenmarket.service.CalcolatoreServiceTest" time="0.003"/>
  <testcase name="testGuadagnoSenzaVendita" classname="com.zenmarket.service.CalcolatoreServiceTest" time="0.001"/>
  <testcase name="testCommissioneDeposito" classname="com.zenmarket.service.CalcolatoreServiceTest" time="0.001"/>
  <testcase name="testIva" classname="com.zenmarket.service.CalcolatoreServiceTest" time="0.0"/>
  <testcase name="testTotaliSenzaVendita" classname="com.zenmarket.service.CalcolatoreServiceTest" time="0.001"/>
  <testcase name="testFoto" classname="com.zenmarket.service.CalcolatoreServiceTest" time="0.0"/>
  <testcase name="testTariffaStandard" classname="com.zenmarket.service.CalcolatoreServiceTest" time="0.001"/>
  <testcase name="testPesoSottoMinimo" classname="com.zenmarket.service.CalcolatoreServiceTest" time="0.001"/>
  <testcase name="testGuadagno" classname="com.zenmarket.service.CalcolatoreServiceTest" time="0.001"/>
  <testcase name="testSpedizione300g" classname="com.zenmarket.service.CalcolatoreServiceTest" time="0.001"/>
  <testcase name="testSpedizione500g" classname="com.zenmarket.service.CalcolatoreServiceTest" time="0.0"/>
  <testcase name="testStoccaggio" classname="com.zenmarket.service.CalcolatoreServiceTest" time="0.0"/>
  <testcase name="testTariffaZenPlus" classname="com.zenmarket.service.CalcolatoreServiceTest" time="0.001"/>
  <testcase name="testCostoPerPezzo" classname="com.zenmarket.service.CalcolatoreServiceTest" time="0.001"/>
  <testcase name="testSpedizione1000g" classname="com.zenmarket.service.CalcolatoreServiceTest" time="0.0"/>
  <testcase name="testSpedizione3000g" classname="com.zenmarket.service.CalcolatoreServiceTest" time="0.001"/>
  <testcase name="testSogliaDoganaOk" classname="com.zenmarket.service.CalcolatoreServiceTest" time="0.001"/>
  <testcase name="testSogliaDoganaSuperata" classname="com.zenmarket.service.CalcolatoreServiceTest" time="0.001"/>
  <testcase name="testSpedizioneBordo499" classname="com.zenmarket.service.CalcolatoreServiceTest" time="0.001"/>
  <testcase name="testTariffaMercariPrivati" classname="com.zenmarket.service.CalcolatoreServiceTest" time="0.001"/>
</testsuite>